{"contracts/Registry.sol":{"l":{"46":34,"50":22,"51":18,"63":36,"65":36,"67":36,"71":5,"72":5,"76":15,"77":15,"78":13,"80":11,"81":11,"82":11,"84":11,"86":11,"88":11,"89":2,"90":2,"91":2,"94":11,"95":11,"99":6,"100":2,"101":2,"102":2,"106":2,"107":2,"108":2,"109":2,"113":16,"115":16,"116":2,"118":14,"121":16,"123":16,"131":11,"132":11,"133":11,"135":11,"136":11,"137":11,"139":11,"141":11,"154":36,"165":36,"166":36,"168":36,"170":36,"172":36,"174":36,"178":5,"180":5,"182":5,"184":5,"186":5,"190":16,"191":16,"193":16,"195":16,"197":16,"198":16,"202":47,"203":47,"205":47,"207":47},"path":"/Users/andytcf/consensys-final-project/contracts/Registry.sol","s":{"1":34,"2":22,"3":36,"4":36,"5":5,"6":5,"7":15,"8":15,"9":13,"10":11,"11":11,"12":11,"13":11,"14":11,"15":11,"16":2,"17":2,"18":2,"19":11,"20":11,"21":6,"22":2,"23":2,"24":2,"25":2,"26":2,"27":2,"28":2,"29":16,"30":16,"31":2,"32":14,"33":16,"34":16,"35":11,"36":11,"37":11,"38":11,"39":11,"40":11,"41":11,"42":11,"43":36,"44":36,"45":36,"46":36,"47":36,"48":36,"49":5,"50":5,"51":16,"52":16,"53":16,"54":16,"55":16,"56":47,"57":47,"58":47,"59":47},"b":{"1":[18,4],"2":[5,0],"3":[13,2],"4":[11,2],"5":[2,9],"6":[2,4],"7":[2,0],"8":[2,14],"9":[11,0],"10":[11,0],"11":[11,0]},"f":{"1":34,"2":22,"3":36,"4":5,"5":15,"6":6,"7":2,"8":16,"9":11,"10":36,"11":5,"12":16,"13":47},"fnMap":{"1":{"name":"constructor","line":45,"loc":{"start":{"line":45,"column":4},"end":{"line":47,"column":4}}},"2":{"name":"onlyRealtyOwner","line":49,"loc":{"start":{"line":49,"column":4},"end":{"line":52,"column":4}}},"3":{"name":"register","line":62,"loc":{"start":{"line":54,"column":4},"end":{"line":68,"column":4}}},"4":{"name":"deregister","line":70,"loc":{"start":{"line":70,"column":4},"end":{"line":73,"column":4}}},"5":{"name":"purchaseRegistration","line":75,"loc":{"start":{"line":75,"column":4},"end":{"line":96,"column":4}}},"6":{"name":"withdrawFunds","line":98,"loc":{"start":{"line":98,"column":4},"end":{"line":103,"column":4}}},"7":{"name":"changePrice","line":105,"loc":{"start":{"line":105,"column":4},"end":{"line":110,"column":4}}},"8":{"name":"changeAvailability","line":112,"loc":{"start":{"line":112,"column":4},"end":{"line":124,"column":4}}},"9":{"name":"_transferOwner","line":126,"loc":{"start":{"line":126,"column":4},"end":{"line":142,"column":4}}},"10":{"name":"_register","line":144,"loc":{"start":{"line":144,"column":4},"end":{"line":175,"column":4}}},"11":{"name":"_deregister","line":177,"loc":{"start":{"line":177,"column":4},"end":{"line":187,"column":4}}},"12":{"name":"_removeRealtyFromOwned","line":189,"loc":{"start":{"line":189,"column":4},"end":{"line":199,"column":4}}},"13":{"name":"_addRealtyToOwned","line":201,"loc":{"start":{"line":201,"column":4},"end":{"line":208,"column":4}}}},"statementMap":{"1":{"start":{"line":46,"column":8},"end":{"line":46,"column":28}},"2":{"start":{"line":50,"column":8},"end":{"line":50,"column":94}},"3":{"start":{"line":63,"column":8},"end":{"line":63,"column":101}},"4":{"start":{"line":67,"column":8},"end":{"line":67,"column":17}},"5":{"start":{"line":71,"column":8},"end":{"line":71,"column":77}},"6":{"start":{"line":72,"column":8},"end":{"line":72,"column":30}},"7":{"start":{"line":76,"column":8},"end":{"line":76,"column":60}},"8":{"start":{"line":77,"column":8},"end":{"line":77,"column":86}},"9":{"start":{"line":78,"column":8},"end":{"line":78,"column":94}},"10":{"start":{"line":80,"column":8},"end":{"line":80,"column":50}},"11":{"start":{"line":81,"column":8},"end":{"line":81,"column":38}},"12":{"start":{"line":82,"column":8},"end":{"line":82,"column":49}},"13":{"start":{"line":84,"column":8},"end":{"line":84,"column":58}},"14":{"start":{"line":86,"column":8},"end":{"line":86,"column":69}},"15":{"start":{"line":88,"column":8},"end":{"line":88,"column":2917}},"16":{"start":{"line":89,"column":12},"end":{"line":89,"column":62}},"17":{"start":{"line":90,"column":12},"end":{"line":90,"column":84}},"18":{"start":{"line":91,"column":12},"end":{"line":91,"column":55}},"19":{"start":{"line":94,"column":8},"end":{"line":94,"column":57}},"20":{"start":{"line":95,"column":8},"end":{"line":95,"column":67}},"21":{"start":{"line":99,"column":8},"end":{"line":99,"column":73}},"22":{"start":{"line":100,"column":8},"end":{"line":100,"column":41}},"23":{"start":{"line":101,"column":8},"end":{"line":101,"column":30}},"24":{"start":{"line":102,"column":8},"end":{"line":102,"column":34}},"25":{"start":{"line":106,"column":8},"end":{"line":106,"column":65}},"26":{"start":{"line":107,"column":8},"end":{"line":107,"column":43}},"27":{"start":{"line":108,"column":8},"end":{"line":108,"column":50}},"28":{"start":{"line":109,"column":8},"end":{"line":109,"column":20}},"29":{"start":{"line":113,"column":8},"end":{"line":113,"column":63}},"30":{"start":{"line":115,"column":8},"end":{"line":115,"column":4037}},"31":{"start":{"line":116,"column":12},"end":{"line":116,"column":66}},"32":{"start":{"line":118,"column":12},"end":{"line":118,"column":63}},"33":{"start":{"line":121,"column":8},"end":{"line":121,"column":59}},"34":{"start":{"line":123,"column":8},"end":{"line":123,"column":53}},"35":{"start":{"line":131,"column":8},"end":{"line":131,"column":73}},"36":{"start":{"line":132,"column":8},"end":{"line":132,"column":71}},"37":{"start":{"line":133,"column":8},"end":{"line":133,"column":77}},"38":{"start":{"line":135,"column":8},"end":{"line":135,"column":41}},"39":{"start":{"line":136,"column":8},"end":{"line":136,"column":40}},"40":{"start":{"line":137,"column":8},"end":{"line":137,"column":31}},"41":{"start":{"line":139,"column":8},"end":{"line":139,"column":62}},"42":{"start":{"line":141,"column":8},"end":{"line":141,"column":52}},"43":{"start":{"line":154,"column":8},"end":{"line":154,"column":5250}},"44":{"start":{"line":165,"column":8},"end":{"line":165,"column":47}},"45":{"start":{"line":166,"column":8},"end":{"line":166,"column":43}},"46":{"start":{"line":168,"column":8},"end":{"line":168,"column":34}},"47":{"start":{"line":170,"column":8},"end":{"line":170,"column":49}},"48":{"start":{"line":174,"column":8},"end":{"line":174,"column":25}},"49":{"start":{"line":178,"column":8},"end":{"line":178,"column":41}},"50":{"start":{"line":184,"column":8},"end":{"line":184,"column":44}},"51":{"start":{"line":190,"column":8},"end":{"line":190,"column":51}},"52":{"start":{"line":191,"column":8},"end":{"line":191,"column":46}},"53":{"start":{"line":193,"column":8},"end":{"line":193,"column":63}},"54":{"start":{"line":195,"column":8},"end":{"line":195,"column":63}},"55":{"start":{"line":197,"column":8},"end":{"line":197,"column":24}},"56":{"start":{"line":202,"column":8},"end":{"line":202,"column":66}},"57":{"start":{"line":203,"column":8},"end":{"line":203,"column":47}},"58":{"start":{"line":205,"column":8},"end":{"line":205,"column":43}},"59":{"start":{"line":207,"column":8},"end":{"line":207,"column":40}}},"branchMap":{"1":{"line":50,"type":"if","locations":[{"start":{"line":50,"column":8},"end":{"line":50,"column":8}},{"start":{"line":50,"column":8},"end":{"line":50,"column":8}}]},"2":{"line":71,"type":"if","locations":[{"start":{"line":71,"column":8},"end":{"line":71,"column":8}},{"start":{"line":71,"column":8},"end":{"line":71,"column":8}}]},"3":{"line":77,"type":"if","locations":[{"start":{"line":77,"column":8},"end":{"line":77,"column":8}},{"start":{"line":77,"column":8},"end":{"line":77,"column":8}}]},"4":{"line":78,"type":"if","locations":[{"start":{"line":78,"column":8},"end":{"line":78,"column":8}},{"start":{"line":78,"column":8},"end":{"line":78,"column":8}}]},"5":{"line":88,"type":"if","locations":[{"start":{"line":88,"column":8},"end":{"line":88,"column":8}},{"start":{"line":88,"column":8},"end":{"line":88,"column":8}}]},"6":{"line":99,"type":"if","locations":[{"start":{"line":99,"column":8},"end":{"line":99,"column":8}},{"start":{"line":99,"column":8},"end":{"line":99,"column":8}}]},"7":{"line":106,"type":"if","locations":[{"start":{"line":106,"column":8},"end":{"line":106,"column":8}},{"start":{"line":106,"column":8},"end":{"line":106,"column":8}}]},"8":{"line":115,"type":"if","locations":[{"start":{"line":115,"column":8},"end":{"line":115,"column":8}},{"start":{"line":115,"column":8},"end":{"line":115,"column":8}}]},"9":{"line":131,"type":"if","locations":[{"start":{"line":131,"column":8},"end":{"line":131,"column":8}},{"start":{"line":131,"column":8},"end":{"line":131,"column":8}}]},"10":{"line":132,"type":"if","locations":[{"start":{"line":132,"column":8},"end":{"line":132,"column":8}},{"start":{"line":132,"column":8},"end":{"line":132,"column":8}}]},"11":{"line":133,"type":"if","locations":[{"start":{"line":133,"column":8},"end":{"line":133,"column":8}},{"start":{"line":133,"column":8},"end":{"line":133,"column":8}}]}}}}